2021-11-12 19:58:33.138163332000 [103289(ThreadId 9)] ERROR APP - user error (<getModule> loaded module can not find from path. </home/maxim/dev/workspace/bytecode/app/Main.hs> [("Main","/home/maxim/dev/workspace/bytecode/test/Spec.hs")])
2021-11-12 20:01:30.904735701000 [108558(ThreadId 9)] ERROR APP - user error (<getModule> loaded module can not find from path. </home/maxim/dev/workspace/bytecode/app/Main.hs> [("Main","/home/maxim/dev/workspace/bytecode/test/Spec.hs")])
2021-11-12 20:02:48.223312554000 [109800(ThreadId 9)] ERROR APP - user error (<getModule> loaded module can not find from path. </home/maxim/dev/workspace/bytecode/app/Main.hs> [])
2021-11-12 20:02:48.237960338000 [109800(ThreadId 9)] ERROR APP - start debugging failed. user error (ExecResult not found.) : Left "user error (ExecResult not found.)"
2021-11-12 20:08:08.539853310000 [111938(ThreadId 9)] ERROR APP - user error (<getModule> loaded module can not find from path. </home/maxim/dev/workspace/bytecode/app/Main.hs> [])
2021-11-12 20:08:08.648939397000 [111938(ThreadId 9)] ERROR APP - start debugging failed. user error (ExecResult not found.) : Left "user error (ExecResult not found.)"
2021-11-12 20:10:11.792904460000 [112340(ThreadId 9)] ERROR APP - user error (<getModule> loaded module can not find from path. </home/maxim/dev/workspace/bytecode/app/Main.hs> [])
2021-11-12 20:10:11.820628193000 [112340(ThreadId 9)] ERROR APP - start debugging failed. user error (ExecResult not found.) : Left "user error (ExecResult not found.)"
2021-11-12 20:20:52.414075633000 [116010(ThreadId 9)] ERROR APP - user error (<getModule> loaded module can not find from path. </home/maxim/dev/workspace/bytecode/app/Main.hs> [])
2021-11-12 20:20:52.429620208000 [116010(ThreadId 9)] ERROR APP - start debugging failed. user error (ExecResult not found.) : Left "user error (ExecResult not found.)"
2021-11-12 20:25:37.144751255000 [119031(ThreadId 9)] ERROR APP - user error (<getModule> loaded module can not find from path. </home/maxim/dev/workspace/bytecode/app/Main.hs> [("Main","/tmp/ghc119046_0/ghc_1.hspp")])
2021-11-12 20:25:57.218299735000 [119532(ThreadId 9)] ERROR APP - user error (<getModule> loaded module can not find from path. </home/maxim/dev/workspace/bytecode/app/Main.hs> [("Main","/tmp/ghc119548_0/ghc_1.hspp")])
2021-11-12 20:27:03.021610900000 [120850(ThreadId 9)] ERROR APP - user error (<getModule> loaded module can not find from path. </home/maxim/dev/workspace/bytecode/app/Main.hs> [("Main","/tmp/ghc120864_0/ghc_1.hspp")])
2021-11-12 20:27:42.492190203000 [120995(ThreadId 9)] ERROR APP - user error (<getModule> loaded module can not find from path. </home/maxim/dev/workspace/bytecode/app/Main.hs> [("Main","/tmp/ghc121009_0/ghc_1.hspp")])
2021-11-12 20:29:22.856776403000 [121368(ThreadId 9)] ERROR APP - [CRITICAL] can not get the initial ghci prompt.
2021-11-12 20:29:50.134166407000 [122074(ThreadId 9)] ERROR APP - user error (<getModule> loaded module can not find from path. </home/maxim/dev/workspace/bytecode/app/Main.hs> [("Main","/tmp/ghc122090_0/ghc_1.hspp")])
2021-11-12 20:42:00.864605484000 [124771(ThreadId 9)] ERROR APP - user error (<getModule> loaded module can not find from path. </home/maxim/dev/workspace/bytecode/app/Main.hs> [("Main","/tmp/ghc124785_0/ghc_1.hspp")])
2021-11-12 20:43:23.159171331000 [125127(ThreadId 9)] ERROR APP - user error (<getModule> loaded module can not find from path. </home/maxim/dev/workspace/bytecode/app/Main.hs> [("Main","/tmp/ghc125141_0/ghc_1.hspp")])
2021-11-12 20:53:35.231790443000 [126301(ThreadId 9)] ERROR APP - user error (<getModule> loaded module can not find from path. </home/maxim/dev/workspace/bytecode/app/Main.hs> [("Main","/tmp/ghc126315_0/ghc_1.hspp")])
2021-11-12 20:54:43.223356278000 [126567(ThreadId 9)] ERROR APP - user error (<getModule> loaded module can not find from path. </home/maxim/dev/workspace/bytecode/app/Main.hs> [("Spec","/tmp/ghc126581_0/ghc_1.hspp")])
2021-11-12 20:54:52.502263183000 [126660(ThreadId 9)] ERROR APP - user error (<getModule> loaded module can not find from path. </home/maxim/dev/workspace/bytecode/app/Main.hs> [("Main","/tmp/ghc126678_0/ghc_1.hspp")])
2021-11-12 20:56:15.287641563000 [127182(ThreadId 9)] ERROR APP - user error (<getModule> loaded module can not find from path. </home/maxim/dev/workspace/bytecode/app/Main.hs> [("Main","/tmp/ghc127196_0/ghc_1.hspp")])
2021-11-12 21:00:52.133009386000 [129027(ThreadId 9)] ERROR APP - user error (<getModule> loaded module can not find from path. </home/maxim/dev/workspace/bytecode/app/Main.hs> [("Main","/tmp/ghc129042_0/ghc_1.hspp")])
2021-11-12 21:04:06.495948761000 [130064(ThreadId 9)] ERROR APP - user error (<getModule> loaded module can not find from path. </home/maxim/dev/workspace/bytecode/app/Main.hs> [("Main","/home/maxim/dev/workspace/bytecode/test/Spec.hs")])
2021-11-14 22:20:27.572221258000 [168706(ThreadId 9)] ERROR APP - user error (<getModule> loaded module can not find from path. </home/maxim/dev/workspace/bytecode/app/Main.hs> [("Bytecode","/home/maxim/dev/workspace/bytecode/src/Bytecode.hs"),("BytecodeSpec","/home/maxim/dev/workspace/bytecode/test/BytecodeSpec.hs"),("Main","/tmp/ghc168725_0/ghc_1.hspp"),("SpecHelper","/home/maxim/dev/workspace/bytecode/test/SpecHelper.hs")])
2021-11-14 22:20:27.629562268000 [168706(ThreadId 9)] ERROR APP - user error (<getModule> loaded module can not find from path. </home/maxim/dev/workspace/bytecode/test/Spec.hs> [("Bytecode","/home/maxim/dev/workspace/bytecode/src/Bytecode.hs"),("BytecodeSpec","/home/maxim/dev/workspace/bytecode/test/BytecodeSpec.hs"),("Main","/tmp/ghc168725_0/ghc_1.hspp"),("SpecHelper","/home/maxim/dev/workspace/bytecode/test/SpecHelper.hs")])
2021-11-15 13:24:04.878992072000 [219142(ThreadId 9)] ERROR APP - user error (<getModule> loaded module can not find from path. </home/maxim/dev/workspace/bytecode/test/BytecodeSpec.hs> [("Bytecode","/home/maxim/dev/workspace/bytecode/src/Bytecode.hs"),("SpecHelper","/home/maxim/dev/workspace/bytecode/test/SpecHelper.hs")])
2021-11-15 13:24:04.943322607000 [219142(ThreadId 9)] ERROR APP - user error (<getModule> loaded module can not find from path. </home/maxim/dev/workspace/bytecode/app/Main.hs> [("Bytecode","/home/maxim/dev/workspace/bytecode/src/Bytecode.hs"),("SpecHelper","/home/maxim/dev/workspace/bytecode/test/SpecHelper.hs")])
2021-11-15 13:24:05.059214885000 [219142(ThreadId 9)] ERROR APP - user error (<getModule> loaded module can not find from path. </home/maxim/dev/workspace/bytecode/test/Spec.hs> [("Bytecode","/home/maxim/dev/workspace/bytecode/src/Bytecode.hs"),("SpecHelper","/home/maxim/dev/workspace/bytecode/test/SpecHelper.hs")])
2021-11-15 13:24:05.315971806000 [219142(ThreadId 9)] ERROR APP - start debugging failed. user error (ExecResult not found.) : Left "user error (ExecResult not found.)"
2021-11-15 13:25:44.567322406000 [219677(ThreadId 9)] ERROR APP - user error (<getModule> loaded module can not find from path. </home/maxim/dev/workspace/bytecode/test/BytecodeSpec.hs> [("Bytecode","/home/maxim/dev/workspace/bytecode/src/Bytecode.hs"),("SpecHelper","/home/maxim/dev/workspace/bytecode/test/SpecHelper.hs")])
2021-11-15 13:25:44.604640451000 [219677(ThreadId 9)] ERROR APP - user error (<getModule> loaded module can not find from path. </home/maxim/dev/workspace/bytecode/app/Main.hs> [("Bytecode","/home/maxim/dev/workspace/bytecode/src/Bytecode.hs"),("SpecHelper","/home/maxim/dev/workspace/bytecode/test/SpecHelper.hs")])
2021-11-15 13:25:44.640589166000 [219677(ThreadId 9)] ERROR APP - user error (<getModule> loaded module can not find from path. </home/maxim/dev/workspace/bytecode/test/Spec.hs> [("Bytecode","/home/maxim/dev/workspace/bytecode/src/Bytecode.hs"),("SpecHelper","/home/maxim/dev/workspace/bytecode/test/SpecHelper.hs")])
2021-11-15 13:25:44.712339094000 [219677(ThreadId 9)] ERROR APP - start debugging failed. user error (ExecResult not found.) : Left "user error (ExecResult not found.)"
2021-11-15 13:26:18.298583346000 [219796(ThreadId 9)] ERROR APP - user error (<getModule> loaded module can not find from path. </home/maxim/dev/workspace/bytecode/app/Main.hs> [("Bytecode","/home/maxim/dev/workspace/bytecode/src/Bytecode.hs"),("BytecodeSpec","/home/maxim/dev/workspace/bytecode/test/BytecodeSpec.hs"),("Main","/tmp/ghc219810_0/ghc_1.hspp"),("SpecHelper","/home/maxim/dev/workspace/bytecode/test/SpecHelper.hs")])
2021-11-15 13:26:18.336971339000 [219796(ThreadId 9)] ERROR APP - user error (<getModule> loaded module can not find from path. </home/maxim/dev/workspace/bytecode/test/Spec.hs> [("Bytecode","/home/maxim/dev/workspace/bytecode/src/Bytecode.hs"),("BytecodeSpec","/home/maxim/dev/workspace/bytecode/test/BytecodeSpec.hs"),("Main","/tmp/ghc219810_0/ghc_1.hspp"),("SpecHelper","/home/maxim/dev/workspace/bytecode/test/SpecHelper.hs")])
2021-11-15 13:36:08.162798536000 [221062(ThreadId 9)] ERROR APP - user error (<getModule> loaded module can not find from path. </home/maxim/dev/workspace/bytecode/app/Main.hs> [("Bytecode","/home/maxim/dev/workspace/bytecode/src/Bytecode.hs"),("BytecodeSpec","/home/maxim/dev/workspace/bytecode/test/BytecodeSpec.hs"),("Main","/tmp/ghc221076_0/ghc_1.hspp"),("SpecHelper","/home/maxim/dev/workspace/bytecode/test/SpecHelper.hs")])
2021-11-15 13:36:08.218707422000 [221062(ThreadId 9)] ERROR APP - user error (<getModule> loaded module can not find from path. </home/maxim/dev/workspace/bytecode/test/Spec.hs> [("Bytecode","/home/maxim/dev/workspace/bytecode/src/Bytecode.hs"),("BytecodeSpec","/home/maxim/dev/workspace/bytecode/test/BytecodeSpec.hs"),("Main","/tmp/ghc221076_0/ghc_1.hspp"),("SpecHelper","/home/maxim/dev/workspace/bytecode/test/SpecHelper.hs")])
2021-11-15 13:43:10.824488206000 [221890(ThreadId 9)] ERROR APP - user error (<getModule> loaded module can not find from path. </home/maxim/dev/workspace/bytecode/app/Main.hs> [("Bytecode","/home/maxim/dev/workspace/bytecode/src/Bytecode.hs"),("BytecodeSpec","/home/maxim/dev/workspace/bytecode/test/BytecodeSpec.hs"),("Main","/tmp/ghc221904_0/ghc_1.hspp"),("SpecHelper","/home/maxim/dev/workspace/bytecode/test/SpecHelper.hs")])
2021-11-15 13:43:10.847225997000 [221890(ThreadId 9)] ERROR APP - user error (<getModule> loaded module can not find from path. </home/maxim/dev/workspace/bytecode/test/Spec.hs> [("Bytecode","/home/maxim/dev/workspace/bytecode/src/Bytecode.hs"),("BytecodeSpec","/home/maxim/dev/workspace/bytecode/test/BytecodeSpec.hs"),("Main","/tmp/ghc221904_0/ghc_1.hspp"),("SpecHelper","/home/maxim/dev/workspace/bytecode/test/SpecHelper.hs")])
2021-11-15 18:47:10.609082084000 [31904(ThreadId 9)] ERROR APP - user error (<getModule> loaded module can not find from path. </home/maxim/dev/workspace/bytecode/test/BytecodeSpec.hs> [("Bytecode","/home/maxim/dev/workspace/bytecode/src/Bytecode.hs"),("SpecHelper","/home/maxim/dev/workspace/bytecode/test/SpecHelper.hs")])
2021-11-15 18:47:10.696871685000 [31904(ThreadId 9)] ERROR APP - start debugging failed. user error (ExecResult not found.) : Left "user error (ExecResult not found.)"
2021-11-15 18:48:54.291316129000 [32232(ThreadId 9)] ERROR APP - user error (<getModule> loaded module can not find from path. </home/maxim/dev/workspace/bytecode/test/BytecodeSpec.hs> [("Bytecode","/home/maxim/dev/workspace/bytecode/src/Bytecode.hs")])
2021-11-15 18:48:54.326659701000 [32232(ThreadId 9)] ERROR APP - start debugging failed. user error (ExecResult not found.) : Left "user error (ExecResult not found.)"
2021-11-15 18:49:18.419379808000 [32343(ThreadId 9)] ERROR APP - user error (<getModule> loaded module can not find from path. </home/maxim/dev/workspace/bytecode/test/BytecodeSpec.hs> [("Bytecode","/home/maxim/dev/workspace/bytecode/src/Bytecode.hs")])
2021-11-15 18:49:18.449952136000 [32343(ThreadId 9)] ERROR APP - start debugging failed. user error (ExecResult not found.) : Left "user error (ExecResult not found.)"
2021-11-15 18:50:06.104953739000 [32570(ThreadId 9)] ERROR APP - user error (<getModule> loaded module can not find from path. </home/maxim/dev/workspace/bytecode/test/BytecodeSpec.hs> [("Bytecode","/home/maxim/dev/workspace/bytecode/src/Bytecode.hs")])
2021-11-15 18:50:06.159299411000 [32570(ThreadId 9)] ERROR APP - start debugging failed. user error (ExecResult not found.) : Left "user error (ExecResult not found.)"
2021-11-15 18:52:05.796445437000 [33420(ThreadId 9)] ERROR APP - user error (<getModule> loaded module can not find from path. </home/maxim/dev/workspace/bytecode/test/BytecodeSpec.hs> [("Bytecode","/home/maxim/dev/workspace/bytecode/src/Bytecode.hs")])
2021-11-15 18:52:05.837071681000 [33420(ThreadId 9)] ERROR APP - start debugging failed. user error (ExecResult not found.) : Left "user error (ExecResult not found.)"
2021-11-18 22:01:16.771646785000 [32648(ThreadId 9)] ERROR APP - [CRITICAL] can not get the initial ghci prompt.
2021-11-18 22:03:40.685678738000 [36109(ThreadId 9)] ERROR APP - [CRITICAL] can not get the initial ghci prompt.
2021-11-18 22:04:59.249632851000 [36302(ThreadId 9)] ERROR APP - [CRITICAL] can not get the initial ghci prompt.
2021-11-18 22:05:26.942528576000 [36369(ThreadId 9)] ERROR APP - [CRITICAL] can not get the initial ghci prompt.
2021-11-19 08:11:33.027027326000 [84460(ThreadId 9)] ERROR APP - [CRITICAL] can not get the initial ghci prompt.
2021-11-19 16:02:29.992574894000 [142348(ThreadId 9)] ERROR APP - [CRITICAL] can not get the initial ghci prompt.
2021-11-21 09:32:04.171034912000 [534313(ThreadId 9)] ERROR APP - [CRITICAL] can not get the initial ghci prompt.
2021-11-22 20:38:50.446387205000 [782840(ThreadId 9)] ERROR APP - user error (<getModule> loaded module can not find from path. </home/maxim/dev/workspace/bytecode/test/BytecodeSpec.hs> [("Bytecode","/home/maxim/dev/workspace/bytecode/src/Bytecode.hs"),("SpecHelper","/home/maxim/dev/workspace/bytecode/test/SpecHelper.hs")])
2021-11-22 20:38:50.584480008000 [782840(ThreadId 9)] ERROR APP - start debugging failed. user error (ExecResult not found.) : Left "user error (ExecResult not found.)"
2021-11-22 20:41:42.985672142000 [783403(ThreadId 9)] ERROR APP - user error (<getModule> loaded module can not find from path. </home/maxim/dev/workspace/bytecode/test/BytecodeSpec.hs> [("Bytecode","/home/maxim/dev/workspace/bytecode/src/Bytecode.hs"),("SpecHelper","/home/maxim/dev/workspace/bytecode/test/SpecHelper.hs")])
2021-11-22 20:41:43.007290484000 [783403(ThreadId 9)] ERROR APP - user error (<getModule> loaded module can not find from path. </home/maxim/dev/workspace/bytecode/app/Main.hs> [("Bytecode","/home/maxim/dev/workspace/bytecode/src/Bytecode.hs"),("SpecHelper","/home/maxim/dev/workspace/bytecode/test/SpecHelper.hs")])
2021-11-22 20:41:43.059937830000 [783403(ThreadId 9)] ERROR APP - start debugging failed. user error (ExecResult not found.) : Left "user error (ExecResult not found.)"
2021-11-22 20:43:16.226101184000 [783403(ThreadId 9)] ERROR APP - user error (<getModule> loaded module can not find from path. </home/maxim/dev/workspace/bytecode/app/Main.hs> [("Bytecode","/home/maxim/dev/workspace/bytecode/src/Bytecode.hs"),("SpecHelper","/home/maxim/dev/workspace/bytecode/test/SpecHelper.hs")])
2021-11-22 20:43:36.828706381000 [783403(ThreadId 9)] ERROR APP - user error (<getModule> loaded module can not find from path. </home/maxim/dev/workspace/bytecode/test/BytecodeSpec.hs> [("Bytecode","/home/maxim/dev/workspace/bytecode/src/Bytecode.hs"),("SpecHelper","/home/maxim/dev/workspace/bytecode/test/SpecHelper.hs")])
2021-11-22 20:43:42.281459061000 [783403(ThreadId 9)] ERROR APP - user error (<getModule> loaded module can not find from path. </home/maxim/dev/workspace/bytecode/test/BytecodeSpec.hs> [("Bytecode","/home/maxim/dev/workspace/bytecode/src/Bytecode.hs"),("SpecHelper","/home/maxim/dev/workspace/bytecode/test/SpecHelper.hs")])
2021-11-22 20:43:59.211866193000 [783732(ThreadId 9)] ERROR APP - user error (<getModule> loaded module can not find from path. </home/maxim/dev/workspace/bytecode/test/BytecodeSpec.hs> [("Bytecode","/home/maxim/dev/workspace/bytecode/src/Bytecode.hs"),("SpecHelper","/home/maxim/dev/workspace/bytecode/test/SpecHelper.hs")])
2021-11-22 20:43:59.323119991000 [783732(ThreadId 9)] ERROR APP - start debugging failed. user error (ExecResult not found.) : Left "user error (ExecResult not found.)"
2021-11-22 20:44:08.888179487000 [783732(ThreadId 9)] ERROR APP - user error (<getModule> loaded module can not find from path. </home/maxim/dev/workspace/bytecode/test/BytecodeSpec.hs> [("Bytecode","/home/maxim/dev/workspace/bytecode/src/Bytecode.hs"),("SpecHelper","/home/maxim/dev/workspace/bytecode/test/SpecHelper.hs")])
2021-11-22 20:51:59.959560637000 [785489(ThreadId 8)] CRITICAL REQUEST - invalid HANDLE. eof.
